[    0.000000] Initializing cgroup subsys cpuset
[    0.000000] Initializing cgroup subsys cpu
[    0.000000] Initializing cgroup subsys cpuacct
[    0.000000] Linux version 4.4.0-210-generic (buildd@lgw01-amd64-009) (gcc version 5.4.0 20160609 (Ubuntu 5.4.0-6ubuntu1~16.04.12) ) #242-Ubuntu SMP Fri Apr 16 09:57:56 UTC 2021 (Ubuntu 4.4.0-210.242-generic 4.4.262)
[    0.000000] Command line: BOOT_IMAGE=/boot/vmlinuz-4.4.0-210-generic root=LABEL=cloudimg-rootfs ro console=tty1 console=ttyS0
[    0.000000] KERNEL supported cpus:
[    0.000000]   Intel GenuineIntel
[    0.000000]   AMD AuthenticAMD
[    0.000000]   Centaur CentaurHauls
[    0.000000] x86/fpu: xstate_offset[2]:  576, xstate_sizes[2]:  256
[    0.000000] x86/fpu: Supporting XSAVE feature 0x01: 'x87 floating point registers'
[    0.000000] x86/fpu: Supporting XSAVE feature 0x02: 'SSE registers'
[    0.000000] x86/fpu: Supporting XSAVE feature 0x04: 'AVX registers'
[    0.000000] x86/fpu: Enabled xstate features 0x7, context size is 832 bytes, using 'standard' format.
[    0.000000] e820: BIOS-provided physical RAM map:
[    0.000000] BIOS-e820: [mem 0x0000000000000000-0x000000000009fbff] usable
[    0.000000] BIOS-e820: [mem 0x000000000009fc00-0x000000000009ffff] reserved
[    0.000000] BIOS-e820: [mem 0x00000000000f0000-0x00000000000fffff] reserved
[    0.000000] BIOS-e820: [mem 0x0000000000100000-0x000000003ffeffff] usable
[    0.000000] BIOS-e820: [mem 0x000000003fff0000-0x000000003fffffff] ACPI data
[    0.000000] BIOS-e820: [mem 0x00000000fec00000-0x00000000fec00fff] reserved
[    0.000000] BIOS-e820: [mem 0x00000000fee00000-0x00000000fee00fff] reserved
[    0.000000] BIOS-e820: [mem 0x00000000fffc0000-0x00000000ffffffff] reserved
[    0.000000] NX (Execute Disable) protection: active
[    0.000000] SMBIOS 2.5 present.
[    0.000000] Hypervisor detected: KVM
[    0.000000] Kernel/User page tables isolation: disabled
[    0.000000] e820: last_pfn = 0x3fff0 max_arch_pfn = 0x400000000
[    0.000000] MTRR: Disabled
[    0.000000] x86/PAT: MTRRs disabled, skipping PAT initialization too.
[    0.000000] CPU MTRRs all blank - virtualized system.
[    0.000000] x86/PAT: Configuration [0-7]: WB  WT  UC- UC  WB  WT  UC- UC  
[    0.000000] found SMP MP-table at [mem 0x0009fff0-0x0009ffff] mapped at [ffff88000009fff0]
[    0.000000] Scanning 1 areas for low memory corruption
[    0.000000] RAMDISK: [mem 0x362dc000-0x37165fff]
[    0.000000] ACPI: Early table checksum verification disabled
[    0.000000] ACPI: RSDP 0x00000000000E0000 000024 (v02 VBOX  )
[    0.000000] ACPI: XSDT 0x000000003FFF0030 00003C (v01 VBOX   VBOXXSDT 00000001 ASL  00000061)
[    0.000000] ACPI: FACP 0x000000003FFF00F0 0000F4 (v04 VBOX   VBOXFACP 00000001 ASL  00000061)
[    0.000000] ACPI: DSDT 0x000000003FFF0470 002325 (v02 VBOX   VBOXBIOS 00000002 INTL 20100528)
[    0.000000] ACPI: FACS 0x000000003FFF0200 000040
[    0.000000] ACPI: FACS 0x000000003FFF0200 000040
[    0.000000] ACPI: APIC 0x000000003FFF0240 00005C (v02 VBOX   VBOXAPIC 00000001 ASL  00000061)
[    0.000000] ACPI: SSDT 0x000000003FFF02A0 0001CC (v01 VBOX   VBOXCPUT 00000002 INTL 20100528)
[    0.000000] No NUMA configuration found
[    0.000000] Faking a node at [mem 0x0000000000000000-0x000000003ffeffff]
[    0.000000] NODE_DATA(0) allocated [mem 0x3ffeb000-0x3ffeffff]
[    0.000000] kvm-clock: Using msrs 4b564d01 and 4b564d00
[    0.000000] kvm-clock: cpu 0, msr 0:3ffe3001, primary cpu clock
[    0.000000] kvm-clock: using sched offset of 3554365020 cycles
[    0.000000] clocksource: kvm-clock: mask: 0xffffffffffffffff max_cycles: 0x1cd42e4dffb, max_idle_ns: 881590591483 ns
[    0.000000] Zone ranges:
[    0.000000]   DMA      [mem 0x0000000000001000-0x0000000000ffffff]
[    0.000000]   DMA32    [mem 0x0000000001000000-0x000000003ffeffff]
[    0.000000]   Normal   empty
[    0.000000]   Device   empty
[    0.000000] Movable zone start for each node
[    0.000000] Early memory node ranges
[    0.000000]   node   0: [mem 0x0000000000001000-0x000000000009efff]
[    0.000000]   node   0: [mem 0x0000000000100000-0x000000003ffeffff]
[    0.000000] Initmem setup node 0 [mem 0x0000000000001000-0x000000003ffeffff]
[    0.000000] ACPI: PM-Timer IO Port: 0x4008
[    0.000000] IOAPIC[0]: apic_id 2, version 32, address 0xfec00000, GSI 0-23
[    0.000000] ACPI: INT_SRC_OVR (bus 0 bus_irq 0 global_irq 2 dfl dfl)
[    0.000000] ACPI: INT_SRC_OVR (bus 0 bus_irq 9 global_irq 9 low level)
[    0.000000] Using ACPI (MADT) for SMP configuration information
[    0.000000] smpboot: Allowing 2 CPUs, 0 hotplug CPUs
[    0.000000] PM: Registered nosave memory: [mem 0x00000000-0x00000fff]
[    0.000000] PM: Registered nosave memory: [mem 0x0009f000-0x0009ffff]
[    0.000000] PM: Registered nosave memory: [mem 0x000a0000-0x000effff]
[    0.000000] PM: Registered nosave memory: [mem 0x000f0000-0x000fffff]
[    0.000000] e820: [mem 0x40000000-0xfebfffff] available for PCI devices
[    0.000000] Booting paravirtualized kernel on KVM
[    0.000000] clocksource: refined-jiffies: mask: 0xffffffff max_cycles: 0xffffffff, max_idle_ns: 7645519600211568 ns
[    0.000000] setup_percpu: NR_CPUS:512 nr_cpumask_bits:512 nr_cpu_ids:2 nr_node_ids:1
[    0.000000] PERCPU: Embedded 33 pages/cpu @ffff88003fc00000 s95192 r8192 d31784 u1048576
[    0.000000] Built 1 zonelists in Node order, mobility grouping on.  Total pages: 257912
[    0.000000] Policy zone: DMA32
[    0.000000] Kernel command line: BOOT_IMAGE=/boot/vmlinuz-4.4.0-210-generic root=LABEL=cloudimg-rootfs ro console=tty1 console=ttyS0
[    0.000000] PID hash table entries: 4096 (order: 3, 32768 bytes)
[    0.000000] Memory: 997792K/1048120K available (8644K kernel code, 1332K rwdata, 4044K rodata, 1492K init, 1164K bss, 50328K reserved, 0K cma-reserved)
[    0.000000] SLUB: HWalign=64, Order=0-3, MinObjects=0, CPUs=2, Nodes=1
[    0.000000] Hierarchical RCU implementation.
[    0.000000] 	Build-time adjustment of leaf fanout to 64.
[    0.000000] 	RCU restricting CPUs from NR_CPUS=512 to nr_cpu_ids=2.
[    0.000000] RCU: Adjusting geometry for rcu_fanout_leaf=64, nr_cpu_ids=2
[    0.000000] NR_IRQS:33024 nr_irqs:440 16
[    0.000000] Console: colour VGA+ 80x25
[    0.000000] console [tty1] enabled
[    0.000000] console [ttyS0] enabled
[    0.000000] tsc: Detected 2304.000 MHz processor
[    0.187986] Calibrating delay loop (skipped) preset value.. 4608.00 BogoMIPS (lpj=9216000)
[    0.190073] pid_max: default: 32768 minimum: 301
[    0.191205] ACPI: Core revision 20150930
[    0.193076] ACPI: 2 ACPI AML tables successfully acquired and loaded
[    0.194639] Security Framework initialized
[    0.195769] Yama: becoming mindful.
[    0.196776] AppArmor: AppArmor initialized
[    0.198418] Dentry cache hash table entries: 131072 (order: 8, 1048576 bytes)
[    0.200476] Inode-cache hash table entries: 65536 (order: 7, 524288 bytes)
[    0.205395] Mount-cache hash table entries: 2048 (order: 2, 16384 bytes)
[    0.206924] Mountpoint-cache hash table entries: 2048 (order: 2, 16384 bytes)
[    0.208855] Initializing cgroup subsys io
[    0.209822] Initializing cgroup subsys memory
[    0.210867] Initializing cgroup subsys devices
[    0.212081] Initializing cgroup subsys freezer
[    0.213325] Initializing cgroup subsys net_cls
[    0.214563] Initializing cgroup subsys perf_event
[    0.216185] Initializing cgroup subsys net_prio
[    0.217368] Initializing cgroup subsys hugetlb
[    0.218489] Initializing cgroup subsys pids
[    0.232296] mce: CPU supports 0 MCE banks
[    0.233465] Last level iTLB entries: 4KB 64, 2MB 8, 4MB 8
[    0.234699] Last level dTLB entries: 4KB 64, 2MB 0, 4MB 0, 1GB 4
[    0.236525] Spectre V1 : Mitigation: usercopy/swapgs barriers and __user pointer sanitization
[    0.238804] Spectre V2 : Mitigation: Full generic retpoline
[    0.240265] Spectre V2 : Spectre v2 / SpectreRSB mitigation: Filling RSB on context switch
[    0.242290] Speculative Store Bypass: Vulnerable
[    0.243549] TAA: Mitigation: TSX disabled
[    0.244546] SRBDS: Mitigation: TSX disabled
[    0.249248] Freeing SMP alternatives memory: 36K
[    0.258643] ftrace: allocating 32380 entries in 127 pages
[    0.335866] smpboot: APIC(0) Converting physical 0 to logical package 0
[    0.337829] smpboot: Max logical packages: 1
[    0.340164] x2apic enabled
[    0.341587] Switched APIC routing to physical x2apic.
[    0.344677] ..TIMER: vector=0x30 apic1=0 pin1=2 apic2=-1 pin2=-1
[    0.454358] smpboot: CPU0: Intel(R) Core(TM) i7-10610U CPU @ 1.80GHz (family: 0x6, model: 0x8e, stepping: 0xc)
[    0.458358] Performance Events: unsupported p6 CPU model 142 no PMU driver, software events only.
[    0.474000] KVM setup paravirtual spinlock
[    0.476538] x86: Booting SMP configuration:
[    0.478113] .... node  #0, CPUs:      #1
[    0.479662] kvm-clock: cpu 1, msr 0:3ffe3041, secondary cpu clock
[    0.494141] mce: CPU supports 0 MCE banks
[    0.497530] x86: Booted up 1 node, 2 CPUs
[    0.500303] smpboot: Total of 2 processors activated (9216.00 BogoMIPS)
[    0.502987] devtmpfs: initialized
[    0.506398] evm: security.selinux
[    0.507383] evm: security.SMACK64
[    0.508303] evm: security.SMACK64EXEC
[    0.509343] evm: security.SMACK64TRANSMUTE
[    0.510473] evm: security.SMACK64MMAP
[    0.511534] evm: security.ima
[    0.512518] evm: security.capability
[    0.513818] clocksource: jiffies: mask: 0xffffffff max_cycles: 0xffffffff, max_idle_ns: 7645041785100000 ns
[    0.516402] futex hash table entries: 512 (order: 3, 32768 bytes)
[    0.517990] pinctrl core: initialized pinctrl subsystem
[    0.519565] RTC time: 15:54:31, date: 08/12/22
[    0.524283] NET: Registered protocol family 16
[    0.535123] cpuidle: using governor ladder
[    0.547493] cpuidle: using governor menu
[    0.548684] PCCT header not found.
[    0.549732] ACPI: bus type PCI registered
[    0.551003] acpiphp: ACPI Hot Plug PCI Controller Driver version: 0.5
[    0.552543] PCI: Using configuration type 1 for base access
[    0.568578] ACPI: Added _OSI(Module Device)
[    0.569724] ACPI: Added _OSI(Processor Device)
[    0.570797] ACPI: Added _OSI(3.0 _SCP Extensions)
[    0.571921] ACPI: Added _OSI(Processor Aggregator Device)
[    0.573910] ACPI: Executed 1 blocks of module-level executable AML code
[    0.577545] ACPI: Interpreter enabled
[    0.578620] ACPI: (supports S0 S5)
[    0.579865] ACPI: Using IOAPIC for interrupt routing
[    0.581851] PCI: Using host bridge windows from ACPI; if necessary, use "pci=nocrs" and report a bug
[    0.590398] ACPI: PCI Root Bridge [PCI0] (domain 0000 [bus 00-ff])
[    0.592150] acpi PNP0A03:00: _OSC: OS supports [ASPM ClockPM Segments MSI]
[    0.593913] acpi PNP0A03:00: _OSC: not requesting OS control; OS requires [ExtendedConfig ASPM ClockPM MSI]
[    0.596365] acpi PNP0A03:00: fail to add MMCONFIG information, can't access extended PCI configuration space under this bridge.
[    0.600218] PCI host bridge to bus 0000:00
[    0.601586] pci_bus 0000:00: root bus resource [io  0x0000-0x0cf7 window]
[    0.603684] pci_bus 0000:00: root bus resource [io  0x0d00-0xffff window]
[    0.605533] pci_bus 0000:00: root bus resource [mem 0x000a0000-0x000bffff window]
[    0.607915] pci_bus 0000:00: root bus resource [mem 0x40000000-0xfdffffff window]
[    0.610280] pci_bus 0000:00: root bus resource [bus 00-ff]
[    0.614308] pci 0000:00:01.1: legacy IDE quirk: reg 0x10: [io  0x01f0-0x01f7]
[    0.616468] pci 0000:00:01.1: legacy IDE quirk: reg 0x14: [io  0x03f6]
[    0.618358] pci 0000:00:01.1: legacy IDE quirk: reg 0x18: [io  0x0170-0x0177]
[    0.635666] pci 0000:00:01.1: legacy IDE quirk: reg 0x1c: [io  0x0376]
[    0.653195] pci 0000:00:07.0: quirk: [io  0x4000-0x403f] claimed by PIIX4 ACPI
[    0.655726] pci 0000:00:07.0: quirk: [io  0x4100-0x410f] claimed by PIIX4 SMB
[    0.661846] ACPI: PCI Interrupt Link [LNKA] (IRQs 5 9 10 *11)
[    0.664422] ACPI: PCI Interrupt Link [LNKB] (IRQs 5 9 *10 11)
[    0.666922] ACPI: PCI Interrupt Link [LNKC] (IRQs 5 *9 10 11)
[    0.668945] ACPI: PCI Interrupt Link [LNKD] (IRQs 5 9 10 *11)
[    0.671483] ACPI: Enabled 2 GPEs in block 00 to 07
[    0.673557] vgaarb: setting as boot device: PCI:0000:00:02.0
[    0.674937] vgaarb: device added: PCI:0000:00:02.0,decodes=io+mem,owns=io+mem,locks=none
[    0.676921] vgaarb: loaded
[    0.677812] vgaarb: bridge control possible 0000:00:02.0
[    0.679489] SCSI subsystem initialized
[    0.680713] ACPI: bus type USB registered
[    0.681939] usbcore: registered new interface driver usbfs
[    0.683345] usbcore: registered new interface driver hub
[    0.684574] usbcore: registered new device driver usb
[    0.686015] PCI: Using ACPI for IRQ routing
[    0.687681] NetLabel: Initializing
[    0.688718] NetLabel:  domain hash size = 128
[    0.689832] NetLabel:  protocols = UNLABELED CIPSOv4
[    0.691126] NetLabel:  unlabeled traffic allowed by default
[    0.692524] amd_nb: Cannot enumerate AMD northbridges
[    0.693788] clocksource: Switched to clocksource kvm-clock
[    0.707575] AppArmor: AppArmor Filesystem Enabled
[    0.709039] pnp: PnP ACPI init
[    0.710839] pnp: PnP ACPI: found 3 devices
[    0.723465] clocksource: acpi_pm: mask: 0xffffff max_cycles: 0xffffff, max_idle_ns: 2085701024 ns
[    0.725589] NET: Registered protocol family 2
[    0.726880] TCP established hash table entries: 8192 (order: 4, 65536 bytes)
[    0.728852] TCP bind hash table entries: 8192 (order: 5, 131072 bytes)
[    0.730512] TCP: Hash tables configured (established 8192 bind 8192)
[    0.732401] UDP hash table entries: 512 (order: 2, 16384 bytes)
[    0.733991] UDP-Lite hash table entries: 512 (order: 2, 16384 bytes)
[    0.735434] NET: Registered protocol family 1
[    0.736488] pci 0000:00:00.0: Limiting direct PCI/PCI transfers
[    0.737929] pci 0000:00:01.0: Activating ISA DMA hang workarounds
[    0.742721] Unpacking initramfs...
[    1.150519] Freeing initrd memory: 14888K
[    1.151784] clocksource: tsc: mask: 0xffffffffffffffff max_cycles: 0x2135f7c97c8, max_idle_ns: 440795273205 ns
[    1.154664] platform rtc_cmos: registered platform RTC device (no PNP device found)
[    1.157004] Scanning for low memory corruption every 60 seconds
[    1.159156] audit: initializing netlink subsys (disabled)
[    1.160475] audit: type=2000 audit(1660319676.680:1): initialized
[    1.162192] Initialise system trusted keyring
[    1.163757] HugeTLB registered 2 MB page size, pre-allocated 0 pages
[    1.167439] zbud: loaded
[    1.168726] VFS: Disk quotas dquot_6.6.0
[    1.169851] VFS: Dquot-cache hash table entries: 512 (order 0, 4096 bytes)
[    1.171833] squashfs: version 4.0 (2009/01/31) Phillip Lougher
[    1.173611] fuse init (API version 7.23)
[    1.174884] Key type big_key registered
[    1.176134] Allocating IMA MOK and blacklist keyrings.
[    1.182224] Key type asymmetric registered
[    1.183381] Asymmetric key parser 'x509' registered
[    1.184695] Block layer SCSI generic (bsg) driver version 0.4 loaded (major 249)
[    1.186870] io scheduler noop registered
[    1.188104] io scheduler deadline registered (default)
[    1.189508] io scheduler cfq registered
[    1.190703] pci_hotplug: PCI Hot Plug PCI Core version: 0.5
[    1.192189] pciehp: PCI Express Hot Plug Controller Driver version: 0.4
[    1.193983] ACPI: AC Adapter [AC] (on-line)
[    1.195276] input: Power Button as /devices/LNXSYSTM:00/LNXPWRBN:00/input/input0
[    1.197393] ACPI: Power Button [PWRF]
[    1.198683] input: Sleep Button as /devices/LNXSYSTM:00/LNXSLPBN:00/input/input1
[    1.200661] ACPI: Sleep Button [SLPF]
[    1.202042] GHES: HEST is not enabled!
[    1.204115] ACPI: Battery Slot [BAT0] (battery present)
[    1.205474] Serial: 8250/16550 driver, 32 ports, IRQ sharing enabled
[    1.227791] 00:02: ttyS0 at I/O 0x3f8 (irq = 4, base_baud = 115200) is a 16550A
[    1.231147] Linux agpgart interface v0.103
[    1.234731] loop: module loaded
[    1.236467] scsi host0: ata_piix
[    1.237620] scsi host1: ata_piix
[    1.238660] ata1: PATA max UDMA/33 cmd 0x1f0 ctl 0x3f6 bmdma 0xd000 irq 14
[    1.240647] ata2: PATA max UDMA/33 cmd 0x170 ctl 0x376 bmdma 0xd008 irq 15
[    1.242688] libphy: Fixed MDIO Bus: probed
[    1.243863] tun: Universal TUN/TAP device driver, 1.6
[    1.245205] tun: (C) 1999-2004 Max Krasnyansky <maxk@qualcomm.com>
[    1.246954] PPP generic driver version 2.4.2
[    1.248700] ehci_hcd: USB 2.0 'Enhanced' Host Controller (EHCI) Driver
[    1.250716] ehci-pci: EHCI PCI platform driver
[    1.252027] ehci-platform: EHCI generic platform driver
[    1.253636] ohci_hcd: USB 1.1 'Open' Host Controller (OHCI) Driver
[    1.255243] ohci-pci: OHCI PCI platform driver
[    1.256634] ohci-platform: OHCI generic platform driver
[    1.258348] uhci_hcd: USB Universal Host Controller Interface driver
[    1.260396] i8042: PNP: PS/2 Controller [PNP0303:PS2K,PNP0f03:PS2M] at 0x60,0x64 irq 1,12
[    1.263829] serio: i8042 KBD port at 0x60,0x64 irq 1
[    1.265280] serio: i8042 AUX port at 0x60,0x64 irq 12
[    1.266880] mousedev: PS/2 mouse device common for all mice
[    1.269071] rtc_cmos rtc_cmos: rtc core: registered rtc_cmos as rtc0
[    1.271058] rtc_cmos rtc_cmos: alarms up to one day, 114 bytes nvram
[    1.272639] input: AT Translated Set 2 keyboard as /devices/platform/i8042/serio0/input/input2
[    1.274898] i2c /dev entries driver
[    1.276008] device-mapper: uevent: version 1.0.3
[    1.277812] device-mapper: ioctl: 4.34.0-ioctl (2015-10-28) initialised: dm-devel@redhat.com
[    1.280730] ledtrig-cpu: registered to indicate activity on CPUs
[    1.283396] NET: Registered protocol family 10
[    1.285244] NET: Registered protocol family 17
[    1.286728] Key type dns_resolver registered
[    1.288508] registered taskstats version 1
[    1.289838] Loading compiled-in X.509 certificates
[    1.292020] Loaded X.509 cert 'Build time autogenerated kernel key: cf00e047681d67edb2720680708b7d9498083038'
[    1.295032] zswap: loaded using pool lzo/zbud
[    1.298742] Key type trusted registered
[    1.303531] Key type encrypted registered
[    1.304610] AppArmor: AppArmor sha1 policy hashing enabled
[    1.305947] ima: No TPM chip found, activating TPM-bypass!
[    1.307478] ima: Allocated hash algorithm: sha1
[    1.309031] evm: HMAC attrs: 0x1
[    1.310550]   Magic number: 2:396:942
[    1.311630] rtc_cmos rtc_cmos: setting system clock to 2022-08-12 15:54:31 UTC (1660319671)
[    1.313924] BIOS EDD facility v0.16 2004-Jun-25, 0 devices found
[    1.315768] EDD information not available.
[    1.438658] Freeing unused kernel memory: 1492K
[    1.441832] Write protecting the kernel read-only data: 14336k
[    1.446627] Freeing unused kernel memory: 1584K
[    1.450404] Freeing unused kernel memory: 52K
Loading, please wait...
starting version 229
[    1.490943] random: systemd-udevd: uninitialized urandom read (16 bytes read, 3 bits of entropy available)
[    1.494070] random: udevadm: uninitialized urandom read (16 bytes read, 3 bits of entropy available)
[    1.494152] random: udevadm: uninitialized urandom read (16 bytes read, 3 bits of entropy available)
[    1.511017] random: systemd-udevd: uninitialized urandom read (16 bytes read, 3 bits of entropy available)
[    1.513376] random: udevadm: uninitialized urandom read (16 bytes read, 3 bits of entropy available)
[    1.513464] random: udevadm: uninitialized urandom read (16 bytes read, 3 bits of entropy available)
[    1.513721] random: udevadm: uninitialized urandom read (16 bytes read, 3 bits of entropy available)
[    1.513934] random: udevadm: uninitialized urandom read (16 bytes read, 3 bits of entropy available)
[    1.514119] random: udevadm: uninitialized urandom read (16 bytes read, 3 bits of entropy available)
[    1.514227] random: udevadm: uninitialized urandom read (16 bytes read, 3 bits of entropy available)
[    1.566115] Fusion MPT base driver 3.04.20
[    1.567294] Copyright (c) 1999-2008 LSI Corporation
[    1.568740] e1000: Intel(R) PRO/1000 Network Driver - version 7.3.21-k8-NAPI
[    1.570765] e1000: Copyright (c) 1999-2006 Intel Corporation.
[    1.575114] Fusion MPT SPI Host driver 3.04.20
[    1.623628] AVX2 version of gcm_enc/dec engaged.
[    1.625037] AES CTR mode by8 optimization enabled
[    1.779589] input: ImExPS/2 Generic Explorer Mouse as /devices/platform/i8042/serio1/input/input4
[    1.989709] e1000 0000:00:03.0 eth0: (PCI:33MHz:32-bit) 02:be:82:6b:cc:1d
[    1.991674] e1000 0000:00:03.0 eth0: Intel(R) PRO/1000 Network Connection
[    1.995886] e1000 0000:00:03.0 enp0s3: renamed from eth0
[    1.997554] mptbase: ioc0: Initiating bringup
[    2.186350] ioc0: LSI53C1030 A0: Capabilities={Initiator}
[    4.438128] scsi host2: ioc0: LSI53C1030 A0, FwRev=00000000h, Ports=1, MaxQ=256, IRQ=20
[    6.499334] scsi 2:0:0:0: Direct-Access     VBOX     HARDDISK         1.0  PQ: 0 ANSI: 5
[    6.502071] scsi target2:0:0: Beginning Domain Validation
[    6.505289] scsi target2:0:0: Domain Validation skipping write tests
[    6.507519] scsi target2:0:0: Ending Domain Validation
[    6.508859] scsi target2:0:0: asynchronous
[    6.510285] scsi 2:0:1:0: Direct-Access     VBOX     HARDDISK         1.0  PQ: 0 ANSI: 5
[    6.512222] scsi target2:0:1: Beginning Domain Validation
[    6.514462] scsi target2:0:1: Domain Validation skipping write tests
[    6.515902] scsi target2:0:1: Ending Domain Validation
[    6.526498] scsi target2:0:1: asynchronous
[    6.533120] sd 2:0:0:0: [sda] 83886080 512-byte logical blocks: (42.9 GB/40.0 GiB)
[    6.533314] sd 2:0:0:0: Attached scsi generic sg0 type 0
[    6.533453] sd 2:0:1:0: Attached scsi generic sg1 type 0
[    6.533998] sd 2:0:1:0: [sdb] 20480 512-byte logical blocks: (10.5 MB/10.0 MiB)
[    6.534184] sd 2:0:1:0: [sdb] Write Protect is off
[    6.534253] sd 2:0:1:0: [sdb] Incomplete mode parameter data
[    6.534254] sd 2:0:1:0: [sdb] Assuming drive cache: write through
[    6.536401] sd 2:0:1:0: [sdb] Attached SCSI disk
[    6.543838] sd 2:0:0:0: [sda] Write Protect is off
[    6.545631] sd 2:0:0:0: [sda] Incomplete mode parameter data
[    6.547033] sd 2:0:0:0: [sda] Assuming drive cache: write through
[    6.549309]  sda: sda1
[    6.550626] sd 2:0:0:0: [sda] Attached SCSI disk
Begin: Loading essential drivers ... [    7.875043] md: linear personality registered for level -1
[    7.878280] md: multipath personality registered for level -4
[    7.881455] md: raid0 personality registered for level 0
[    7.886347] md: raid1 personality registered for level 1
[    7.957867] raid6: sse2x1   gen()  7000 MB/s
[    8.025874] raid6: sse2x1   xor()  5301 MB/s
[    8.094331] raid6: sse2x2   gen() 11594 MB/s
[    8.161868] raid6: sse2x2   xor()  8888 MB/s
[    8.229839] raid6: sse2x4   gen() 11795 MB/s
[    8.297844] raid6: sse2x4   xor()  7293 MB/s
[    8.365876] raid6: avx2x1   gen() 16497 MB/s
[    8.433862] raid6: avx2x2   gen() 22633 MB/s
[    8.501862] raid6: avx2x4   gen() 21489 MB/s
[    8.503582] raid6: using algorithm avx2x2 gen() 22633 MB/s
[    8.505385] raid6: using avx2x2 recovery algorithm
[    8.508524] xor: automatically using best checksumming function:
[    8.549861]    avx       : 19624.000 MB/sec
[    8.553149] async_tx: api initialized (async)
[    8.567649] md: raid6 personality registered for level 6
[    8.569123] md: raid5 personality registered for level 5
[    8.570532] md: raid4 personality registered for level 4
[    8.579086] md: raid10 personality registered for level 10
done.
Begin: Running /scripts/init-premount ... done.
Begin: Mounting root file system ... Begin: Running /scripts/local-top ... done.
Begin: Running /scripts/local-premount ... [    8.612983] Btrfs loaded
Scanning for Btrfs filesystems
done.
Warning: fsck not present, so skipping root file system
[    8.647857] EXT4-fs (sda1): mounted filesystem with ordered data mode. Opts: (null)
done.
Begin: Running /scripts/local-bottom ... done.
Begin: Running /scripts/init-bottom ... done.
[    8.731658] systemd[1]: systemd 229 running in system mode. (+PAM +AUDIT +SELINUX +IMA +APPARMOR +SMACK +SYSVINIT +UTMP +LIBCRYPTSETUP +GCRYPT +GNUTLS +ACL +XZ -LZ4 +SECCOMP +BLKID +ELFUTILS +KMOD -IDN)
[    8.735489] systemd[1]: Detected virtualization oracle.
[    8.736649] systemd[1]: Detected architecture x86-64.

Welcome to [1mUbuntu 16.04.7 LTS[0m!

[    8.740952] systemd[1]: Set hostname to <ubuntu>.
[    8.743625] systemd[1]: Initializing machine ID from random generator.
[    8.745081] systemd[1]: Installed transient /etc/machine-id file.
[    8.865523] systemd[1]: Listening on Journal Socket.
[[0;32m  OK  [0m] Listening on Journal Socket.
[    8.867920] systemd[1]: Listening on udev Kernel Socket.
[[0;32m  OK  [0m] Listening on udev Kernel Socket.
[    8.870421] systemd[1]: Created slice User and Session Slice.
[[0;32m  OK  [0m] Created slice User and Session Slice.
[    8.874146] systemd[1]: Listening on /dev/initctl Compatibility Named Pipe.
[[0;32m  OK  [0m] Listening on /dev/initctl Compatibility Named Pipe.
[    8.877203] systemd[1]: Listening on LVM2 metadata daemon socket.
[[0;32m  OK  [0m] Listening on LVM2 metadata daemon socket.
[    8.879854] systemd[1]: Listening on udev Control Socket.
[[0;32m  OK  [0m] Listening on udev Control Socket.
[    8.882072] systemd[1]: Started Forward Password Requests to Wall Directory Watch.
[[0;32m  OK  [0m] Started Forward Password Requests to Wall Directory Watch.
[    8.885122] systemd[1]: Listening on fsck to fsckd communication Socket.
[[0;32m  OK  [0m] Listening on fsck to fsckd communication Socket.
[    8.888318] systemd[1]: Listening on Journal Socket (/dev/log).
[[0;32m  OK  [0m] Listening on Journal Socket (/dev/log).
[    8.898823] systemd[1]: Listening on Device-mapper event daemon FIFOs.
[[0;32m  OK  [0m] Listening on Device-mapper event daemon FIFOs.
[    8.901377] systemd[1]: Reached target User and Group Name Lookups.
[[0;32m  OK  [0m] Reached target User and Group Name Lookups.
[    8.904062] systemd[1]: Started Trigger resolvconf update for networkd DNS.
[[0;32m  OK  [0m] Started Trigger resolvconf update for networkd DNS.
[    8.907832] systemd[1]: Reached target Swap.
[[0;32m  OK  [0m] Reached target Swap.
[    8.909972] systemd[1]: Listening on LVM2 poll daemon socket.
[[0;32m  OK  [0m] Listening on LVM2 poll daemon socket.
[    8.912319] systemd[1]: Reached target System Time Synchronized.
[[0;32m  OK  [0m] Reached target System Time Synchronized.
[    8.914660] systemd[1]: Listening on Journal Audit Socket.
[[0;32m  OK  [0m] Listening on Journal Audit Socket.
[    8.917010] systemd[1]: Set up automount Arbitrary Executable File Formats File System Automount Point.
[[0;32m  OK  [0m] Set up automount Arbitrary Executab...ats File System Automount Point.
[    8.920650] systemd[1]: Listening on Syslog Socket.
[[0;32m  OK  [0m] Listening on Syslog Socket.
[    8.923005] systemd[1]: Reached target Encrypted Volumes.
[[0;32m  OK  [0m] Reached target Encrypted Volumes.
[    8.925612] systemd[1]: Created slice System Slice.
[[0;32m  OK  [0m] Created slice System Slice.
[    8.927731] systemd[1]: Reached target Slices.
[[0;32m  OK  [0m] Reached target Slices.
[    8.946048] systemd[1]: Starting Set console keymap...
         Starting Set console keymap...
[    8.948853] systemd[1]: Starting Monitoring of LVM2 mirrors, snapshots etc. using dmeventd or progress polling...
         Starting Monitoring of LVM2 mirrors... dmeventd or progress polling...
[    8.960003] systemd[1]: Created slice system-serial\x2dgetty.slice.
[[0;32m  OK  [0m] Created slice system-serial\x2dgetty.slice.
[    8.964213] systemd[1]: Starting Create list of required static device nodes for the current kernel...
         Starting Create list of required st... nodes for the current kernel...
[    8.978813] systemd[1]: Mounting POSIX Message Queue File System...
         Mounting POSIX Message Queue File System...
[    8.982955] systemd[1]: Mounting Huge Pages File System...
         Mounting Huge Pages File System...
[    8.990499] systemd[1]: Starting File System Check on Root Device...
         Starting File System Check on Root Device...
[    8.995737] systemd[1]: Starting Journal Service...
         Starting Journal Service...
[    9.002910] systemd[1]: Starting Load Kernel Modules...
         Starting Load Kernel Modules...
[    9.013578] systemd[1]: Starting Nameserver information manager...
         Starting Nameserver information manager...
[    9.017322] systemd[1]: Starting Uncomplicated firewall...
         Starting Uncomplicated firewall...
[    9.025247] Loading iSCSI transport class v2.0-870.
[    9.027646] systemd[1]: Mounting Debug File System...
         Mounting Debug File System...
[    9.032703] systemd[1]: Mounted Huge Pages File System.
[[0;32m  OK  [0m] Mounted Huge Pages File System.
[    9.035411] systemd[1]: Mounted POSIX Message Queue File System.
[[0;32m  OK  [0m] Mounted POSIX Message Queue File System.
[    9.040148] iscsi: registered transport (tcp)
[    9.046057] systemd[1]: Mounted Debug File System.
[[0;32m  OK  [0m] Mounted Debug File System.
[    9.048729] systemd[1]: Started Journal Service.
[[0;32m  OK  [0m] Started Journal Service.
[[0;32m  OK  [0m] Started Set console keymap.
[[0;32m  OK  [0m] Started Create list of required sta...ce nodes for the current kernel.
[[0;32m  OK  [0m] Started File System Check on Root Device.
[[0;32m  OK  [0m] Started Uncomplicated firewall.
[    9.068886] iscsi: registered transport (iser)
[[0;32m  OK  [0m] Started LVM2 metadata daemon.
[[0;32m  OK  [0m] Started File System Check Daemon to report status.
         Starting Remount Root and Kernel File Systems...
         Starting Create Static Device Nodes in /dev...
[    9.084194] EXT4-fs (sda1): re-mounted. Opts: (null)
[[0;32m  OK  [0m] Started Load Kernel Modules.
[[0;32m  OK  [0m] Started Nameserver information manager.
[[0;32m  OK  [0m] Started Remount Root and Kernel File Systems.
         Starting udev Coldplug all Devices...
         Starting Load/Save Random Seed...
         Starting Flush Journal to Persistent Storage...
         Mounting FUSE Control File System...
         Starting Apply Kernel Variables...
[[0;32m  OK  [0m] Mounted FUSE Control File System.
[[0;32m  OK  [0m] Started Load/Save Random Seed.
[[0;32m  OK  [0m] Started Create Static Device Nodes in /dev.
[[0;32m  OK  [0m] Started Apply Kernel Variables.
         Starting udev Kernel Device Manager...
[[0;32m  OK  [0m] Started Flush Journal to Persistent Storage.
[[0;32m  OK  [0m] Started udev Kernel Device Manager.
[[0;32m  OK  [0m] Started udev Coldplug all Devices.
[[0;32m  OK  [0m] Started Dispatch Password Requests to Console Directory Watch.
[[0;32m  OK  [0m] Started Monitoring of LVM2 mirrors,...ng dmeventd or progress polling.
[[0;32m  OK  [0m] Reached target Local File Systems (Pre).
[[0;32m  OK  [0m] Reached target Local File Systems.
         Starting Tell Plymouth To Write Out Runtime Data...
         Starting Initial cloud-init job (pre-networking)...
         Starting LSB: AppArmor initialization...
         Starting Create Volatile Files and Directories...
         Starting Set console font and keymap...
         Starting Commit a transient machine-id on disk...
[[0;32m  OK  [0m] Started Tell Plymouth To Write Out Runtime Data.
[[0;32m  OK  [0m] Started Create Volatile Files and Directories.
         Starting Update UTMP about System Boot/Shutdown...
[[0;32m  OK  [0m] Started Update UTMP about System Boot/Shutdown.
[[0;32m  OK  [0m] Started Commit a transient machine-id on disk.
[[0;32m  OK  [0m] Found device /dev/ttyS0.
[[0;32m  OK  [0m] Listening on Load/Save RF Kill Switch Status /dev/rfkill Watch.
[   10.664759] cloud-init[497]: Cloud-init v. 21.1-19-gbad84ad4-0ubuntu1~16.04.2 running 'init-local' at Fri, 12 Aug 2022 15:54:40 +0000. Up 10.18 seconds.
[[0;32m  OK  [0m] Started LSB: AppArmor initialization.
[[0;32m  OK  [0m] Started Initial cloud-init job (pre-networking).
[[0;32m  OK  [0m] Reached target Network (Pre).
         Starting Raise network interfaces...
         Starting Load AppArmor profiles managed internally by snapd...
[[0;32m  OK  [0m] Started Load AppArmor profiles managed internally by snapd.
[[0;32m  OK  [0m] Started Set console font and keymap.
[[0;32m  OK  [0m] Created slice system-getty.slice.
[[0;32m  OK  [0m] Started Raise network interfaces.
[[0;32m  OK  [0m] Reached target Network.
         Starting Initial cloud-init job (metadata service crawler)...
[   12.378275] cloud-init[956]: Cloud-init v. 21.1-19-gbad84ad4-0ubuntu1~16.04.2 running 'init' at Fri, 12 Aug 2022 15:54:42 +0000. Up 11.66 seconds.
[   12.381180] cloud-init[956]: ci-info: ++++++++++++++++++++++++++++++++++++++Net device info++++++++++++++++++++++++++++++++++++++
[   12.383617] cloud-init[956]: ci-info: +--------+------+----------------------------+---------------+--------+-------------------+
[   12.386101] cloud-init[956]: ci-info: | Device |  Up  |          Address           |      Mask     | Scope  |     Hw-Address    |
[   12.388385] cloud-init[956]: ci-info: +--------+------+----------------------------+---------------+--------+-------------------+
[   12.390881] cloud-init[956]: ci-info: | enp0s3 | True |         10.0.2.15          | 255.255.255.0 | global | 02:be:82:6b:cc:1d |
[   12.393076] cloud-init[956]: ci-info: | enp0s3 | True | fe80::be:82ff:fe6b:cc1d/64 |       .       |  link  | 02:be:82:6b:cc:1d |
[   12.395218] cloud-init[956]: ci-info: |   lo   | True |         127.0.0.1          |   255.0.0.0   |  host  |         .         |
[   12.398090] cloud-init[956]: ci-info: |   lo   | True |          ::1/128           |       .       |  host  |         .         |
[   12.400580] cloud-init[956]: ci-info: +--------+------+----------------------------+---------------+--------+-------------------+
[   12.403145] cloud-init[956]: ci-info: +++++++++++++++++++++++++++Route IPv4 info++++++++++++++++++++++++++++
[   12.405465] cloud-init[956]: ci-info: +-------+-------------+----------+---------------+-----------+-------+
[   12.407811] cloud-init[956]: ci-info: | Route | Destination | Gateway  |    Genmask    | Interface | Flags |
[   12.409913] cloud-init[956]: ci-info: +-------+-------------+----------+---------------+-----------+-------+
[   12.411957] cloud-init[956]: ci-info: |   0   |   0.0.0.0   | 10.0.2.2 |    0.0.0.0    |   enp0s3  |   UG  |
[   12.415457] cloud-init[956]: ci-info: |   1   |   10.0.2.0  | 0.0.0.0  | 255.255.255.0 |   enp0s3  |   U   |
[   12.418027] cloud-init[956]: ci-info: +-------+-------------+----------+---------------+-----------+-------+
[   12.420308] cloud-init[956]: ci-info: +++++++++++++++++++Route IPv6 info+++++++++++++++++++
[   12.422879] cloud-init[956]: ci-info: +-------+-------------+---------+-----------+-------+
[   12.424438] cloud-init[956]: ci-info: | Route | Destination | Gateway | Interface | Flags |
[   12.426093] cloud-init[956]: ci-info: +-------+-------------+---------+-----------+-------+
[   12.428020] cloud-init[956]: ci-info: |   0   |  fe80::/64  |    ::   |   enp0s3  |   U   |
[   12.430369] cloud-init[956]: ci-info: |   3   |   ff00::/8  |    ::   |   enp0s3  |   U   |
[   12.432517] cloud-init[956]: ci-info: +-------+-------------+---------+-----------+-------+
[   12.434468] cloud-init[956]: Generating public/private rsa key pair.
[   12.436249] cloud-init[956]: Your identification has been saved in /etc/ssh/ssh_host_rsa_key.
[   12.438135] cloud-init[956]: Your public key has been saved in /etc/ssh/ssh_host_rsa_key.pub.
[   12.444570] cloud-init[956]: The key fingerprint is:
[   12.445914] cloud-init[956]: SHA256:xEljdUyIJTqmCWAv5v5v2LowIwHvFTxeTUY18OpzSGg root@ubuntu-xenial
[   12.447818] cloud-init[956]: The key's randomart image is:
[   12.449363] cloud-init[956]: +---[RSA 2048]----+
[   12.450625] cloud-init[956]: |..     .X*=+o    |
[   12.451717] cloud-init[956]: |....   O.=.o.    |
[   12.452982] cloud-init[956]: |.o..+ = = .      |
[   12.454302] cloud-init[956]: |+..o B + .       |
[   12.455565] cloud-init[956]: |... = E S        |
[   12.456878] cloud-init[956]: |.o . . o .       |
[   12.464603] cloud-init[956]: |.=. o   + .      |
[   12.465938] cloud-init[956]: |. =. o   o       |
[   12.467211] cloud-init[956]: |   +=.           |
[   12.468554] cloud-init[956]: +----[SHA256]-----+
[   12.469944] cloud-init[956]: Generating public/private dsa key pair.
[   12.471339] cloud-init[956]: Your identification has been saved in /etc/ssh/ssh_host_dsa_key.
[   12.473227] cloud-init[956]: Your public key has been saved in /etc/ssh/ssh_host_dsa_key.pub.
[   12.475076] cloud-init[956]: The key fingerprint is:
[   12.476385] cloud-init[956]: SHA256:FaFVIWb3+KtyV87dRqI3xFe5SjVIN5stmwcumT9S+OM root@ubuntu-xenial
[   12.478399] cloud-init[956]: The key's randomart image is:
[   12.480160] cloud-init[956]: +---[DSA 1024]----+
[   12.481709] cloud-init[956]: |          Bo+.   |
[   12.483101] cloud-init[956]: |         = + + o |
[   12.484438] cloud-init[956]: |        . . o + *|
[   12.485698] cloud-init[956]: |         .   oo*o|
[   12.486855] cloud-init[956]: |        S    *o=+|
[   12.488235] cloud-init[956]: |            =.Oo=|
[   12.489489] cloud-init[956]: |            .BoOo|
[   12.490944] cloud-init[956]: |          . +oO *|
[   12.492214] cloud-init[956]: |           o.=E= |
[   12.493423] cloud-init[956]: +----[SHA256]-----+
[   12.494696] cloud-init[956]: Generating public/private ecdsa key pair.
[   12.500601] cloud-init[956]: Your identification has been saved in /etc/ssh/ssh_host_ecdsa_key.
[[0;32m  OK  [0m] Started Initial cloud-init job (metadata service crawler).
[[0;32m  OK  [0m] Reached target Network is Online.
[   12.515375] cloud-init[956]: Your public key has been saved in /etc/ssh/ssh_host_ecdsa_key.pub.
[   12.517129] cloud-init[956]: The key fingerprint is:
[   12.525103] cloud-init[956]: SHA256:mOrloxqQIs/2Fq6AGD8g3dtMrFwp7xQJSk4JTWihYuE root@ubuntu-xenial
[   12.525347] cloud-init[956]: The key's randomart image is:
         Starting iSCSI initiator daemon (iscsid)...
[   12.525507] cloud-init[956]: +---[ECDSA 256]---+
[   12.527382] cloud-init[956]: |.*o              |
[   12.527549] cloud-init[956]: |+oo.             |
[[0;32m  OK  [0m] Reached target Cloud-config availability.
[   12.527865] cloud-init[956]: |+E+ .            |
[[   12.536468] cloud-init[956]: |o* o o =         |
[   12.536882] cloud-init[956]: |O + o X S        |
[   12.537217] cloud-init[956]: |*B ..@ .         |
[   12.537599] cloud-init[956]: |+ B.=.*          |
[0;32m  OK  [0m] Reached target System Initialization.
[   12.537641] [[0;32m  OK  [0m] Listening on ACPID Listen Socket.
cloud-init[956]: | o =o=.          |[
[0;32m  OK  [0m] Started ACPI Events Check.
[   12.543242] [[0;32m  OK  [0m] Reached target Paths.
         Starting Socket activation for snappy daemon.
[[0;32m  OK  [0m] Started Daily Cleanup of Temporary Directories.
[[0;32m  OK  [0m] Listening on D-Bus System Message Bus Socket.
cloud-init[956]: |  o++.o.         |
[[0;32m  OK  [0m] Started Daily apt download activities.
[[0;32m  OK  [0m] Started Daily apt upgrade and clean activities.
[[0;32m  OK  [0m] Started Message of the Day.
[   12.553940] cloud-init[956]: +----[SHA256]-----+
[   12.556829]          Starting LXD - unix socket.
[[0;32m  OK  [0m] Started Ubuntu Advantage update messaging.
[[0;32m  OK  [0m] Reached target Timers.
[[0;32m  OK  [0m] Listening on UUID daemon activation socket.
cloud-init[956]: Generating public/private ed25519 key pair.
[   12.562368] cloud-init[956]: Your identification has been saved in /etc/ssh/ssh_host_ed25519_key.
[   12.565156] cloud-init[956]: Your public key has been saved in /etc/ssh/ssh_host_ed25519_key.pub.
[   12.572887] [[0;32m  OK  [0m] Listening on Socket activation for snappy daemon.
[[0;32m  OK  [0m] Listening on LXD - unix socket.
[[0;32m  OK  [0m] Reached target Sockets.
[[0;32m  OK  [0m] Reached target Basic System.
         cloud-initStarting LSB: MD monitoring daemon...[956]: 
The key fingerprint is:
[[0;32m  OK  [0m] Started FUSE filesystem for LXC.
[   12.577821] [[0;32m  OK  [0m] Started ACPI event daemon.
cloud-init         Starting Pollinate to seed the pseudo random number generator...
         Starting Accounts Service...
[956]: SHA256:Qai3U/2fPiS4YXQZRm218jVNOI419mHbmZT/s1V2EIM root@ubuntu-xenial
         Starting LXD - container startup/shutdown...
         Starting LSB: Record successful boot for GRUB...
         Starting Snap Daemon...
         Starting /etc/rc.local Compatibility...
[[0;32m  OK  [0m] Started Deferred execution scheduler.
         Starting Virtualbox guest utils...
         Starting Login Service...
         Starting System Logging Service...
[[0;32m  OK  [0m] Started Regular background program processing daemon.
[[0;32m  OK  [0m] Started D-Bus System Message Bus.
[   12.619112] cloud-init[956]: The key's randomart image is:
[   12.628849] cloud-init[956]: +--[ED25519 256]--+
[   12.632164] cloud-init[956]: |       ..  ..oo++|
[   12.642993] cloud-init[956]: |      ..    E XBo|
[   12.646454] cloud-init[956]: |     .  .. . XoBX|
[   12.648809] cloud-init[956]: |    . . ..o + ++X|
[   12.656843] cloud-init[956]: |     . oS. +   o+|
[   12.658824] cloud-init[956]: |      o   + o ..o|
[   12.662247] cloud-init[956]: |       . . o + .+|
[   12.665565] cloud-init[956]: |          .   +. |
[   12.668936] cloud-init[956]: |             ... |
[   12.671063] cloud-init[956]: +----[SHA256]-----+
[[0;32m  OK  [0m] Started System Logging Service.
[[0;32m  OK  [0m] Started iSCSI initiator daemon (iscsid).
[[0;32m  OK  [0m] Started /etc/rc.local Compatibility.
         Starting Login to default iSCSI targets...
[[0;32m  OK  [0m] Started Login Service.
[[0;32m  OK  [0m] Started Unattended Upgrades Shutdown.
[[0;32m  OK  [0m] Started LSB: Record successful boot for GRUB.
[[0;32m  OK  [0m] Started Login to default iSCSI targets.
         Starting Authenticate and Authorize Users to Run Privileged Tasks...
[[0;32m  OK  [0m] Reached target Remote File Systems (Pre).
[[0;32m  OK  [0m] Reached target Remote File Systems.
         Starting LSB: daemon to balance interrupts for SMP systems...
         Starting LSB: Set the CPU Frequency Scaling governor to "ondemand"...
         Starting Permit User Sessions...
         Starting LSB: automatic crash report generation...
[[0;32m  OK  [0m] Started LSB: MD monitoring daemon.
[[0;32m  OK  [0m] Started Permit User Sessions.
         Starting Terminate Plymouth Boot Screen...
         Starting Hold until boot process finishes up...
[[0;32m  OK  [0m] Started Terminate Plymouth Boot Screen.
[[0;32m  OK  [0m] Started Hold until boot process finishes up.
         Starting Set console scheme...
[[0;32m  OK  [0m] Started Getty on tty1.
[[0;32m  OK  [0m] Started Serial Getty on ttyS0.
[[0;32m  OK  [0m] Reached target Login Prompts.
[[0;32m  OK  [0m] Started LXD - container startup/shutdown.
[[0;32m  OK  [0m] Started Set console scheme.
[[0;32m  OK  [0m] Started LSB: Set the CPU Frequency Scaling governor to "ondemand".
[[0;32m  OK  [0m] Started Virtualbox guest utils.
[[0;32m  OK  [0m] Started Authenticate and Authorize Users to Run Privileged Tasks.
[[0;32m  OK  [0m] Started Accounts Service.
[[0;32m  OK  [0m] Started LSB: daemon to balance interrupts for SMP systems.
[[0;32m  OK  [0m] Started LSB: automatic crash report generation.
[[0;32m  OK  [0m] Started Snap Daemon.
         Starting Wait until snapd is fully seeded...
[[0;32m  OK  [0m] Started Pollinate to seed the pseudo random number generator.
         Starting OpenBSD Secure Shell server...
[[0;32m  OK  [0m] Started OpenBSD Secure Shell server.
[[0;32m  OK  [0m] Created slice User Slice of vagrant.
         Starting User Manager for UID 1000...
[[0;32m  OK  [0m] Started Session 1 of user vagrant.
[[0;32m  OK  [0m] Started User Manager for UID 1000.
[[0;32m  OK  [0m] Started Wait until snapd is fully seeded.
         Starting Apply the settings specified in cloud-config...
[[0;32m  OK  [0m] Reached target Multi-User System.
[[0;32m  OK  [0m] Reached target Graphical Interface.
         Starting Update UTMP about System Runlevel Changes...
[[0;32m  OK  [0m] Started Update UTMP about System Runlevel Changes.
[   16.320841] cloud-init[1406]: Generating locales (this might take a while)...
[   17.382124] cloud-init[1406]:   en_US.UTF-8... done
[   17.383215] cloud-init[1406]: Generation complete.
[   17.749100] cloud-init[1406]: Cloud-init v. 21.1-19-gbad84ad4-0ubuntu1~16.04.2 running 'modules:config' at Fri, 12 Aug 2022 15:54:46 +0000. Up 16.19 seconds.
[[0;32m  OK  [0m] Started Apply the settings specified in cloud-config.
         Starting Execute cloud user/final scripts...
ci-info: no authorized SSH keys fingerprints found for user ubuntu.
<14>Aug 12 15:54:48 ec2: 
<14>Aug 12 15:54:48 ec2: #############################################################
<14>Aug 12 15:54:48 ec2: -----BEGIN SSH HOST KEY FINGERPRINTS-----
<14>Aug 12 15:54:48 ec2: 1024 SHA256:FaFVIWb3+KtyV87dRqI3xFe5SjVIN5stmwcumT9S+OM root@ubuntu-xenial (DSA)
<14>Aug 12 15:54:48 ec2: 256 SHA256:mOrloxqQIs/2Fq6AGD8g3dtMrFwp7xQJSk4JTWihYuE root@ubuntu-xenial (ECDSA)
<14>Aug 12 15:54:48 ec2: 256 SHA256:Qai3U/2fPiS4YXQZRm218jVNOI419mHbmZT/s1V2EIM root@ubuntu-xenial (ED25519)
<14>Aug 12 15:54:48 ec2: 2048 SHA256:xEljdUyIJTqmCWAv5v5v2LowIwHvFTxeTUY18OpzSGg root@ubuntu-xenial (RSA)
<14>Aug 12 15:54:48 ec2: -----END SSH HOST KEY FINGERPRINTS-----
<14>Aug 12 15:54:48 ec2: #############################################################
-----BEGIN SSH HOST KEY KEYS-----
ecdsa-sha2-nistp256 AAAAE2VjZHNhLXNoYTItbmlzdHAyNTYAAAAIbmlzdHAyNTYAAABBBPjgh+su1zYmhH+HEZCSUxEDciyJTA+JmuyO+6KRFDv9QnUvJ4jY2EvTAVAat19cdswHr0522Ls4z4M16wPqgG4= root@ubuntu-xenial
ssh-ed25519 AAAAC3NzaC1lZDI1NTE5AAAAIJuzloychmtxtZrLWGq/B8cuNktqoZ7kqjQDcWPHF7IP root@ubuntu-xenial
ssh-rsa AAAAB3NzaC1yc2EAAAADAQABAAABAQCfxGbd1jy7/UAEiOtwndOz9A9eRgJovxdGp4hGJvlyZ8Wx8puZwUiUonSf/mIETKSZ1IqXYz7rrGnmJ8Ssou/O7gkwO/jdXemBGQaHSU3iahXMBdK//Jm7ukYhslw6Orgbp+xMs7rF9VOAj2pn9NJABZnDpfej470FHYaHjKKZq7y3ALepFpOkf2EscX7f6wwDqgD4w+e2JcEdKBNZerGLL5o1UyqfwZAL4xKEL+NQ/Xch2yJkmAsY38e9RtEgRQEzvj6J0mO4zokenow2jOuXiWrojDIjop2+Mdt8RAhephi+dNT2Jt8g1LUsYtUTBus9JdiSI8yQgA/safXIqOe5 root@ubuntu-xenial
-----END SSH HOST KEY KEYS-----
[   18.517043] cloud-init[1548]: Cloud-init v. 21.1-19-gbad84ad4-0ubuntu1~16.04.2 running 'modules:final' at Fri, 12 Aug 2022 15:54:48 +0000. Up 18.28 seconds.
[   18.518600] cloud-init[1548]: ci-info: no authorized SSH keys fingerprints found for user ubuntu.
[   18.519592] cloud-init[1548]: Cloud-init v. 21.1-19-gbad84ad4-0ubuntu1~16.04.2 finished at Fri, 12 Aug 2022 15:54:48 +0000. Datasource DataSourceNoCloud [seed=/dev/sdb][dsmode=net].  Up 18.50 seconds

Ubuntu 16.04.7 LTS ubuntu-xenial ttyS0

ubuntu-xenial login: 